#
# A fatal error has been detected by the Java Runtime Environment:
#
#  EXCEPTION_ACCESS_VIOLATION (0xc0000005) at pc=0x00007ff89fa41d3b, pid=22888, tid=14396
#
# JRE version: Java(TM) SE Runtime Environment (15.0.2+7) (build 15.0.2+7-27)
# Java VM: Java HotSpot(TM) 64-Bit Server VM (15.0.2+7-27, mixed mode, sharing, tiered, compressed oops, g1 gc, windows-amd64)
# Problematic frame:
# C  [ig11icd64.dll+0x591d3b]
#
# No core dump will be written. Minidumps are not enabled by default on client versions of Windows
#
# If you would like to submit a bug report, please visit:
#   https://bugreport.java.com/bugreport/crash.jsp
# The crash happened outside the Java Virtual Machine in native code.
# See problematic frame for where to report the bug.
#

---------------  S U M M A R Y ------------

Command Line: -XX:+ShowCodeDetailsInExceptionMessages -agentlib:jdwp=transport=dt_socket,suspend=y,address=localhost:58100 -javaagent:C:\Users\dave\eclipse\java-2020-122\eclipse\configuration\org.eclipse.osgi\529\0\.cp\lib\javaagent-shaded.jar -Dfile.encoding=Cp1252 Main

Host: Intel(R) Core(TM) i7-1065G7 CPU @ 1.30GHz, 8 cores, 15G,  Windows 10 , 64 bit Build 19041 (10.0.19041.928)
Time: Sun May 23 00:38:24 2021 E. Australia Standard Time elapsed time: 62.030884 seconds (0d 0h 1m 2s)

---------------  T H R E A D  ---------------

Current thread (0x000002db2c284060):  JavaThread "JDWP Transport Listener: dt_socket" daemon [_thread_in_native, id=14396, stack(0x000000fd32d00000,0x000000fd32e00000)]

Stack: [0x000000fd32d00000,0x000000fd32e00000],  sp=0x000000fd32dfe5d0,  free space=1017k
Native frames: (J=compiled Java code, j=interpreted, Vv=VM code, C=native code)
C